Joining interviewer codes Index(['ADC052', 'MA108'], dtype='object', name='speaker_code') into 'ADC052_MA108'
Segmentation saved for audio_id=859 with interview_code=ADC052_MA108
Erro na execução do Vertex AI: 
Segmentation failed for audio_id=484 with interview_code=EBP007
Joining interviewer codes Index(['MD006', 'IDA013'], dtype='object', name='speaker_code') into 'MD006_IDA013'
Segmentation saved for audio_id=461 with interview_code=MD006_IDA013
Joining interviewer codes Index(['MG023', 'IDA013'], dtype='object', name='speaker_code') into 'MG023_IDA013'
Segmentation saved for audio_id=481 with interview_code=MG023_IDA013
Segmentation saved for audio_id=824 with interview_code=GVDR016
Joining interviewer codes Index(['IDA013', 'MM057'], dtype='object', name='speaker_code') into 'IDA013_MM057'
Erro na execução do Vertex AI: 
Segmentation failed for audio_id=475 with interview_code=IDA013_MM057
Joining interviewer codes Index(['MD006', 'MM057'], dtype='object', name='speaker_code') into 'MD006_MM057'
Segmentation saved for audio_id=469 with interview_code=MD006_MM057
Segmentation saved for audio_id=468 with interview_code=IDA013
Joining interviewer codes Index(['SL008', 'LG115'], dtype='object', name='speaker_code') into 'SL008_LG115'
Segmentation saved for audio_id=812 with interview_code=SL008_LG115
Joining interviewer codes Index(['MR058', 'ALNDO025'], dtype='object', name='speaker_code') into 'MR058_ALNDO025'
Segmentation saved for audio_id=36 with interview_code=MR058_ALNDO025
Segmentation saved for audio_id=794 with interview_code=CL004
Joining interviewer codes Index(['MR018', 'RP080'], dtype='object', name='speaker_code') into 'MR018_RP080'
Segmentation saved for audio_id=921 with interview_code=MR018_RP080
Joining interviewer codes Index(['EK015', 'ACA047'], dtype='object', name='speaker_code') into 'EK015_ACA047'
Segmentation saved for audio_id=34 with interview_code=EK015_ACA047
Joining interviewer codes Index(['LGB035', 'RDG022'], dtype='object', name='speaker_code') into 'LGB035_RDG022'
Segmentation saved for audio_id=429 with interview_code=LGB035_RDG022
Joining interviewer codes Index(['MR018', 'KCGDS081'], dtype='object', name='speaker_code') into 'MR018_KCGDS081'
Segmentation saved for audio_id=430 with interview_code=MR018_KCGDS081
Joining interviewer codes Index(['DDC026', 'GM114'], dtype='object', name='speaker_code') into 'DDC026_GM114'
Segmentation saved for audio_id=427 with interview_code=DDC026_GM114
Segmentation saved for audio_id=425 with interview_code=LVP011
Segmentation saved for audio_id=32 with interview_code=CB033
Joining interviewer codes Index(['TM001', 'AD030'], dtype='object', name='speaker_code') into 'TM001_AD030'
Segmentation saved for audio_id=894 with interview_code=TM001_AD030
Joining interviewer codes Index(['CMR031', 'JL076'], dtype='object', name='speaker_code') into 'CMR031_JL076'
Segmentation saved for audio_id=813 with interview_code=CMR031_JL076
Segmentation saved for audio_id=419 with interview_code=LVP011
Segmentation saved for audio_id=808 with interview_code=RMNH003
Segmentation saved for audio_id=416 with interview_code=RDG022
Joining interviewer codes Index(['CB033', 'CB112'], dtype='object', name='speaker_code') into 'CB033_CB112'
Segmentation saved for audio_id=869 with interview_code=CB033_CB112
Joining interviewer codes Index(['CMR031', 'FP083'], dtype='object', name='speaker_code') into 'CMR031_FP083'
Segmentation saved for audio_id=809 with interview_code=CMR031_FP083
Segmentation saved for audio_id=907 with interview_code=MLJ029
Segmentation saved for audio_id=853 with interview_code=ALNDO025
Segmentation saved for audio_id=852 with interview_code=SMF060
Erro na execução do Vertex AI: 
Segmentation failed for audio_id=847 with interview_code=RDG022
Joining interviewer codes Index(['LR061', 'VB123'], dtype='object', name='speaker_code') into 'LR061_VB123'
Erro na execução do Vertex AI: 
Segmentation failed for audio_id=846 with interview_code=LR061_VB123
Joining interviewer codes Index(['EK015', 'RP080'], dtype='object', name='speaker_code') into 'EK015_RP080'
Segmentation saved for audio_id=840 with interview_code=EK015_RP080
Joining interviewer codes Index(['CM062', 'ACA047'], dtype='object', name='speaker_code') into 'CM062_ACA047'
Segmentation saved for audio_id=913 with interview_code=CM062_ACA047
Joining interviewer codes Index(['TM001', 'MC012'], dtype='object', name='speaker_code') into 'TM001_MC012'
Segmentation saved for audio_id=818 with interview_code=TM001_MC012
Joining interviewer codes Index(['RMNH003', 'AR079'], dtype='object', name='speaker_code') into 'RMNH003_AR079'
Segmentation saved for audio_id=799 with interview_code=RMNH003_AR079
Joining interviewer codes Index(['GRS002', 'GN019'], dtype='object', name='speaker_code') into 'GRS002_GN019'
Segmentation saved for audio_id=797 with interview_code=GRS002_GN019
Segmentation saved for audio_id=889 with interview_code=MC012
Joining interviewer codes Index(['VR024', 'MC012'], dtype='object', name='speaker_code') into 'VR024_MC012'
Segmentation saved for audio_id=760 with interview_code=VR024_MC012
Joining interviewer codes Index(['KW005', 'MM045'], dtype='object', name='speaker_code') into 'KW005_MM045'
Segmentation saved for audio_id=402 with interview_code=KW005_MM045
Joining interviewer codes Index(['DEL009', 'GN019'], dtype='object', name='speaker_code') into 'DEL009_GN019'
Erro na execução do Vertex AI: 
Segmentation failed for audio_id=752 with interview_code=DEL009_GN019
Segmentation saved for audio_id=795 with interview_code=EBP007
Segmentation saved for audio_id=881 with interview_code=MR018
Segmentation saved for audio_id=791 with interview_code=EBP007
Segmentation saved for audio_id=879 with interview_code=GN019
Joining interviewer codes Index(['TM001', 'HC075'], dtype='object', name='speaker_code') into 'TM001_HC075'
Segmentation saved for audio_id=822 with interview_code=TM001_HC075
Joining interviewer codes Index(['GRS002', 'PR109'], dtype='object', name='speaker_code') into 'GRS002_PR109'
Segmentation saved for audio_id=898 with interview_code=GRS002_PR109
Segmentation saved for audio_id=897 with interview_code=EBP007
Joining interviewer codes Index(['NLDC010', 'CP073'], dtype='object', name='speaker_code') into 'NLDC010_CP073'
Segmentation saved for audio_id=896 with interview_code=NLDC010_CP073
Segmentation saved for audio_id=496 with interview_code=NLDC010
Segmentation saved for audio_id=498 with interview_code=GRS002
Joining interviewer codes Index(['MT021', 'CP073'], dtype='object', name='speaker_code') into 'MT021_CP073'
Segmentation saved for audio_id=526 with interview_code=MT021_CP073
Joining interviewer codes Index(['RMNH003', 'TL118'], dtype='object', name='speaker_code') into 'RMNH003_TL118'
Segmentation saved for audio_id=523 with interview_code=RMNH003_TL118
Segmentation saved for audio_id=515 with interview_code=GRS002
Joining interviewer codes Index(['SL008', 'CP073'], dtype='object', name='speaker_code') into 'SL008_CP073'
Segmentation saved for audio_id=519 with interview_code=SL008_CP073
Segmentation saved for audio_id=507 with interview_code=MD006
Joining interviewer codes Index(['MD006', 'MA090'], dtype='object', name='speaker_code') into 'MD006_MA090'
Segmentation saved for audio_id=506 with interview_code=MD006_MA090
Segmentation saved for audio_id=517 with interview_code=TM001
Joining interviewer codes Index(['FP028', 'IDA013'], dtype='object', name='speaker_code') into 'FP028_IDA013'
Segmentation saved for audio_id=492 with interview_code=FP028_IDA013
Joining interviewer codes Index(['WC027', 'FP083'], dtype='object', name='speaker_code') into 'WC027_FP083'
Segmentation saved for audio_id=769 with interview_code=WC027_FP083
Joining interviewer codes Index(['IDA013', 'TB074'], dtype='object', name='speaker_code') into 'IDA013_TB074'
Segmentation saved for audio_id=462 with interview_code=IDA013_TB074
Joining interviewer codes Index(['FP028', 'AM068'], dtype='object', name='speaker_code') into 'FP028_AM068'
Segmentation saved for audio_id=892 with interview_code=FP028_AM068
Joining interviewer codes Index(['MU066', 'CF067'], dtype='object', name='speaker_code') into 'MU066_CF067'
Segmentation saved for audio_id=839 with interview_code=MU066_CF067
Joining interviewer codes Index(['DEL009', 'TR085'], dtype='object', name='speaker_code') into 'DEL009_TR085'
Erro na execução do Vertex AI: 
Segmentation failed for audio_id=394 with interview_code=DEL009_TR085
Joining interviewer codes Index(['RMNH003', 'CM121'], dtype='object', name='speaker_code') into 'RMNH003_CM121'
Segmentation saved for audio_id=399 with interview_code=RMNH003_CM121
Joining interviewer codes Index(['IDA013', 'TB074'], dtype='object', name='speaker_code') into 'IDA013_TB074'
Erro na execução do Vertex AI: 
Segmentation failed for audio_id=476 with interview_code=IDA013_TB074
Joining interviewer codes Index(['MD006', 'IDA013'], dtype='object', name='speaker_code') into 'MD006_IDA013'
Segmentation saved for audio_id=470 with interview_code=MD006_IDA013
Segmentation saved for audio_id=891 with interview_code=CF067
Joining interviewer codes Index(['AM068', 'MM057'], dtype='object', name='speaker_code') into 'AM068_MM057'
Segmentation saved for audio_id=474 with interview_code=AM068_MM057
Erro na execução do Vertex AI: 
Segmentation failed for audio_id=842 with interview_code=SA014
Joining interviewer codes Index(['SL008', 'LB102'], dtype='object', name='speaker_code') into 'SL008_LB102'
Segmentation saved for audio_id=785 with interview_code=SL008_LB102
Joining interviewer codes Index(['MAR054', 'CM062'], dtype='object', name='speaker_code') into 'MAR054_CM062'
Segmentation saved for audio_id=845 with interview_code=MAR054_CM062
Joining interviewer codes Index(['RMNH003', 'GRS002'], dtype='object', name='speaker_code') into 'RMNH003_GRS002'
Segmentation saved for audio_id=851 with interview_code=RMNH003_GRS002
Joining interviewer codes Index(['SL008', 'ADSP097'], dtype='object', name='speaker_code') into 'SL008_ADSP097'
Segmentation saved for audio_id=841 with interview_code=SL008_ADSP097
Joining interviewer codes Index(['CL004', 'JB089'], dtype='object', name='speaker_code') into 'CL004_JB089'
Segmentation saved for audio_id=806 with interview_code=CL004_JB089
Joining interviewer codes Index(['JB020', 'JOA093'], dtype='object', name='speaker_code') into 'JB020_JOA093'
Erro na execução do Vertex AI: 
Segmentation failed for audio_id=758 with interview_code=JB020_JOA093
Joining interviewer codes Index(['ACC038', 'KS092'], dtype='object', name='speaker_code') into 'ACC038_KS092'
Segmentation saved for audio_id=874 with interview_code=ACC038_KS092
Segmentation saved for audio_id=857 with interview_code=WC027
Segmentation saved for audio_id=856 with interview_code=FCR041
Joining interviewer codes Index(['NLDC010', 'IDP078'], dtype='object', name='speaker_code') into 'NLDC010_IDP078'
Segmentation saved for audio_id=805 with interview_code=NLDC010_IDP078
Joining interviewer codes Index(['AD030', 'MDS104'], dtype='object', name='speaker_code') into 'AD030_MDS104'
Segmentation saved for audio_id=911 with interview_code=AD030_MDS104
Joining interviewer codes Index(['RMNH003', 'ADSP097', 'KV128'], dtype='object', name='speaker_code') into 'RMNH003_ADSP097_KV128'
Segmentation saved for audio_id=844 with interview_code=RMNH003_ADSP097_KV128